[32m[Nest] 25560  - [39m28/04/2026, 15:16:37 [32m    LOG[39m [38;5;3m[NestFactory] [39m[32mStarting Nest application...[39m
[32m[Nest] 25560  - [39m28/04/2026, 15:16:37 [32m    LOG[39m [38;5;3m[InstanceLoader] [39m[32mAppModule dependencies initialized[39m[38;5;3m +43ms[39m
[32m[Nest] 25560  - [39m28/04/2026, 15:16:37 [32m    LOG[39m [38;5;3m[InstanceLoader] [39m[32mAgentsModule dependencies initialized[39m[38;5;3m +3ms[39m
[32m[Nest] 25560  - [39m28/04/2026, 15:16:37 [32m    LOG[39m [38;5;3m[InstanceLoader] [39m[32mAttestationsModule dependencies initialized[39m[38;5;3m +1ms[39m
[32m[Nest] 25560  - [39m28/04/2026, 15:16:37 [32m    LOG[39m [38;5;3m[InstanceLoader] [39m[32mDisputesModule dependencies initialized[39m[38;5;3m +1ms[39m
[32m[Nest] 25560  - [39m28/04/2026, 15:16:37 [32m    LOG[39m [38;5;3m[InstanceLoader] [39m[32mKeeperHubModule dependencies initialized[39m[38;5;3m +1ms[39m
[32m[Nest] 25560  - [39m28/04/2026, 15:16:37 [32m    LOG[39m [38;5;3m[InstanceLoader] [39m[32mNetworkModule dependencies initialized[39m[38;5;3m +0ms[39m
[32m[Nest] 25560  - [39m28/04/2026, 15:16:37 [32m    LOG[39m [38;5;3m[RoutesResolver] [39m[32mAgentsController {/agents}:[39m[38;5;3m +72ms[39m
[32m[Nest] 25560  - [39m28/04/2026, 15:16:37 [32m    LOG[39m [38;5;3m[RouterExplorer] [39m[32mMapped {/agents, POST} route[39m[38;5;3m +8ms[39m
[32m[Nest] 25560  - [39m28/04/2026, 15:16:37 [32m    LOG[39m [38;5;3m[RouterExplorer] [39m[32mMapped {/agents/label/:label, GET} route[39m[38;5;3m +4ms[39m
[32m[Nest] 25560  - [39m28/04/2026, 15:16:37 [32m    LOG[39m [38;5;3m[RouterExplorer] [39m[32mMapped {/agents/owner/:address, GET} route[39m[38;5;3m +2ms[39m
[32m[Nest] 25560  - [39m28/04/2026, 15:16:37 [32m    LOG[39m [38;5;3m[RoutesResolver] [39m[32mAttestationsController {/attestations}:[39m[38;5;3m +1ms[39m
[32m[Nest] 25560  - [39m28/04/2026, 15:16:37 [32m    LOG[39m [38;5;3m[RouterExplorer] [39m[32mMapped {/attestations, GET} route[39m[38;5;3m +3ms[39m
[32m[Nest] 25560  - [39m28/04/2026, 15:16:37 [32m    LOG[39m [38;5;3m[RouterExplorer] [39m[32mMapped {/attestations, POST} route[39m[38;5;3m +3ms[39m
[32m[Nest] 25560  - [39m28/04/2026, 15:16:37 [32m    LOG[39m [38;5;3m[RoutesResolver] [39m[32mDisputesController {/disputes}:[39m[38;5;3m +1ms[39m
[32m[Nest] 25560  - [39m28/04/2026, 15:16:37 [32m    LOG[39m [38;5;3m[RouterExplorer] [39m[32mMapped {/disputes, POST} route[39m[38;5;3m +2ms[39m
[32m[Nest] 25560  - [39m28/04/2026, 15:16:37 [32m    LOG[39m [38;5;3m[RouterExplorer] [39m[32mMapped {/disputes/count, GET} route[39m[38;5;3m +2ms[39m
[32m[Nest] 25560  - [39m28/04/2026, 15:16:37 [32m    LOG[39m [38;5;3m[RouterExplorer] [39m[32mMapped {/disputes/:rootHash, GET} route[39m[38;5;3m +1ms[39m
[32m[Nest] 25560  - [39m28/04/2026, 15:16:37 [32m    LOG[39m [38;5;3m[RoutesResolver] [39m[32mNetworkController {/network}:[39m[38;5;3m +1ms[39m
[32m[Nest] 25560  - [39m28/04/2026, 15:16:37 [32m    LOG[39m [38;5;3m[RouterExplorer] [39m[32mMapped {/network/stats, GET} route[39m[38;5;3m +3ms[39m
[32m[Nest] 25560  - [39m28/04/2026, 15:16:37 [32m    LOG[39m [38;5;3m[RoutesResolver] [39m[32mKeeperHubController {/keeperhub}:[39m[38;5;3m +1ms[39m
[32m[Nest] 25560  - [39m28/04/2026, 15:16:37 [32m    LOG[39m [38;5;3m[RouterExplorer] [39m[32mMapped {/keeperhub/audit, GET} route[39m[38;5;3m +2ms[39m
[32m[Nest] 25560  - [39m28/04/2026, 15:16:39 [32m    LOG[39m [38;5;3m[NestApplication] [39m[32mNest application successfully started[39m[38;5;3m +1238ms[39m
